# JRE version: Java(TM) SE Runtime Environment (8.0_181-b13) (build 1.8.0_181-b13)
# Java VM: Java HotSpot(TM) 64-Bit Server VM (25.181-b13 mixed mode windows-amd64 compressed oops)
Heap:
 PSYoungGen      total 117760K, used 68902K [0x00000000eb380000, 0x00000000f4080000, 0x0000000100000000)
  eden space 109056K, 63% used [0x00000000eb380000,0x00000000ef6c9a18,0x00000000f1e00000)
  from space 8704K, 0% used [0x00000000f2f80000,0x00000000f2f80000,0x00000000f3800000)
  to   space 6656K, 0% used [0x00000000f3a00000,0x00000000f3a00000,0x00000000f4080000)
 ParOldGen       total 33280K, used 18463K [0x00000000c1a00000, 0x00000000c3a80000, 0x00000000eb380000)
  object space 33280K, 55% used [0x00000000c1a00000,0x00000000c2c07df0,0x00000000c3a80000)
 Metaspace       used 42981K, capacity 45272K, committed 45400K, reserved 1087488K
  class space    used 6020K, capacity 6430K, committed 6488K, reserved 1048576K
GC Heap History (10 events):
Event: 1.605 GC heap before
{Heap before GC invocations=7 (full 0):
 PSYoungGen      total 72192K, used 36480K [0x00000000eb380000, 0x00000000f0080000, 0x0000000100000000)
  eden space 65536K, 50% used [0x00000000eb380000,0x00000000ed3c6c50,0x00000000ef380000)
  from space 6656K, 51% used [0x00000000efa00000,0x00000000efd594b0,0x00000000f0080000)
  to   space 6656K, 0% used [0x00000000ef380000,0x00000000ef380000,0x00000000efa00000)
 ParOldGen       total 44032K, used 9894K [0x00000000c1a00000, 0x00000000c4500000, 0x00000000eb380000)
  object space 44032K, 22% used [0x00000000c1a00000,0x00000000c23a9ab0,0x00000000c4500000)
 Metaspace       used 20069K, capacity 21076K, committed 21248K, reserved 1067008K
  class space    used 2698K, capacity 2946K, committed 3072K, reserved 1048576K
Event: 1.613 GC heap after
Heap after GC invocations=7 (full 0):
 PSYoungGen      total 72192K, used 5403K [0x00000000eb380000, 0x00000000f4080000, 0x0000000100000000)
  eden space 65536K, 0% used [0x00000000eb380000,0x00000000eb380000,0x00000000ef380000)
  from space 6656K, 81% used [0x00000000ef380000,0x00000000ef8c6f70,0x00000000efa00000)
  to   space 6656K, 0% used [0x00000000f3a00000,0x00000000f3a00000,0x00000000f4080000)
 ParOldGen       total 44032K, used 11098K [0x00000000c1a00000, 0x00000000c4500000, 0x00000000eb380000)
  object space 44032K, 25% used [0x00000000c1a00000,0x00000000c24d6ac0,0x00000000c4500000)
 Metaspace       used 20069K, capacity 21076K, committed 21248K, reserved 1067008K
  class space    used 2698K, capacity 2946K, committed 3072K, reserved 1048576K
}
Event: 1.613 GC heap before
{Heap before GC invocations=8 (full 1):
 PSYoungGen      total 72192K, used 5403K [0x00000000eb380000, 0x00000000f4080000, 0x0000000100000000)
  eden space 65536K, 0% used [0x00000000eb380000,0x00000000eb380000,0x00000000ef380000)
  from space 6656K, 81% used [0x00000000ef380000,0x00000000ef8c6f70,0x00000000efa00000)
  to   space 6656K, 0% used [0x00000000f3a00000,0x00000000f3a00000,0x00000000f4080000)
 ParOldGen       total 44032K, used 11098K [0x00000000c1a00000, 0x00000000c4500000, 0x00000000eb380000)
  object space 44032K, 25% used [0x00000000c1a00000,0x00000000c24d6ac0,0x00000000c4500000)
 Metaspace       used 20069K, capacity 21076K, committed 21248K, reserved 1067008K
  class space    used 2698K, capacity 2946K, committed 3072K, reserved 1048576K
Event: 1.642 GC heap after
Heap after GC invocations=8 (full 1):
 PSYoungGen      total 72192K, used 0K [0x00000000eb380000, 0x00000000f4080000, 0x0000000100000000)
  eden space 65536K, 0% used [0x00000000eb380000,0x00000000eb380000,0x00000000ef380000)
  from space 6656K, 0% used [0x00000000ef380000,0x00000000ef380000,0x00000000efa00000)
  to   space 6656K, 0% used [0x00000000f3a00000,0x00000000f3a00000,0x00000000f4080000)
 ParOldGen       total 33280K, used 7974K [0x00000000c1a00000, 0x00000000c3a80000, 0x00000000eb380000)
  object space 33280K, 23% used [0x00000000c1a00000,0x00000000c21c9a18,0x00000000c3a80000)
 Metaspace       used 20069K, capacity 21076K, committed 21248K, reserved 1067008K
  class space    used 2698K, capacity 2946K, committed 3072K, reserved 1048576K
}
Event: 2.471 GC heap before
{Heap before GC invocations=9 (full 1):
 PSYoungGen      total 72192K, used 65536K [0x00000000eb380000, 0x00000000f4080000, 0x0000000100000000)
  eden space 65536K, 100% used [0x00000000eb380000,0x00000000ef380000,0x00000000ef380000)
  from space 6656K, 0% used [0x00000000ef380000,0x00000000ef380000,0x00000000efa00000)
  to   space 6656K, 0% used [0x00000000f3a00000,0x00000000f3a00000,0x00000000f4080000)
 ParOldGen       total 33280K, used 7974K [0x00000000c1a00000, 0x00000000c3a80000, 0x00000000eb380000)
  object space 33280K, 23% used [0x00000000c1a00000,0x00000000c21c9a18,0x00000000c3a80000)
 Metaspace       used 25801K, capacity 27654K, committed 27776K, reserved 1073152K
  class space    used 3552K, capacity 3905K, committed 3968K, reserved 1048576K
Event: 2.481 GC heap after
Heap after GC invocations=9 (full 1):
 PSYoungGen      total 115712K, used 6655K [0x00000000eb380000, 0x00000000f4080000, 0x0000000100000000)
  eden space 109056K, 0% used [0x00000000eb380000,0x00000000eb380000,0x00000000f1e00000)
  from space 6656K, 99% used [0x00000000f3a00000,0x00000000f407fd58,0x00000000f4080000)
  to   space 8704K, 0% used [0x00000000f2f80000,0x00000000f2f80000,0x00000000f3800000)
 ParOldGen       total 33280K, used 10180K [0x00000000c1a00000, 0x00000000c3a80000, 0x00000000eb380000)
  object space 33280K, 30% used [0x00000000c1a00000,0x00000000c23f12e0,0x00000000c3a80000)
 Metaspace       used 25801K, capacity 27654K, committed 27776K, reserved 1073152K
  class space    used 3552K, capacity 3905K, committed 3968K, reserved 1048576K
}
Event: 4.529 GC heap before
{Heap before GC invocations=10 (full 1):
 PSYoungGen      total 115712K, used 112551K [0x00000000eb380000, 0x00000000f4080000, 0x0000000100000000)
  eden space 109056K, 97% used [0x00000000eb380000,0x00000000f1aea178,0x00000000f1e00000)
  from space 6656K, 99% used [0x00000000f3a00000,0x00000000f407fd58,0x00000000f4080000)
  to   space 8704K, 0% used [0x00000000f2f80000,0x00000000f2f80000,0x00000000f3800000)
 ParOldGen       total 33280K, used 10180K [0x00000000c1a00000, 0x00000000c3a80000, 0x00000000eb380000)
  object space 33280K, 30% used [0x00000000c1a00000,0x00000000c23f12e0,0x00000000c3a80000)
 Metaspace       used 33156K, capacity 35254K, committed 35416K, reserved 1079296K
  class space    used 4496K, capacity 4891K, committed 4952K, reserved 1048576K
Event: 4.543 GC heap after
Heap after GC invocations=10 (full 1):
 PSYoungGen      total 117760K, used 8677K [0x00000000eb380000, 0x00000000f4080000, 0x0000000100000000)
  eden space 109056K, 0% used [0x00000000eb380000,0x00000000eb380000,0x00000000f1e00000)
  from space 8704K, 99% used [0x00000000f2f80000,0x00000000f37f9418,0x00000000f3800000)
  to   space 6656K, 0% used [0x00000000f3a00000,0x00000000f3a00000,0x00000000f4080000)
 ParOldGen       total 33280K, used 14271K [0x00000000c1a00000, 0x00000000c3a80000, 0x00000000eb380000)
  object space 33280K, 42% used [0x00000000c1a00000,0x00000000c27efde0,0x00000000c3a80000)
 Metaspace       used 33156K, capacity 35254K, committed 35416K, reserved 1079296K
  class space    used 4496K, capacity 4891K, committed 4952K, reserved 1048576K
}
Event: 4.543 GC heap before
{Heap before GC invocations=11 (full 2):
 PSYoungGen      total 117760K, used 8677K [0x00000000eb380000, 0x00000000f4080000, 0x0000000100000000)
  eden space 109056K, 0% used [0x00000000eb380000,0x00000000eb380000,0x00000000f1e00000)
  from space 8704K, 99% used [0x00000000f2f80000,0x00000000f37f9418,0x00000000f3800000)
  to   space 6656K, 0% used [0x00000000f3a00000,0x00000000f3a00000,0x00000000f4080000)
 ParOldGen       total 33280K, used 14271K [0x00000000c1a00000, 0x00000000c3a80000, 0x00000000eb380000)
  object space 33280K, 42% used [0x00000000c1a00000,0x00000000c27efde0,0x00000000c3a80000)
 Metaspace       used 33156K, capacity 35254K, committed 35416K, reserved 1079296K
  class space    used 4496K, capacity 4891K, committed 4952K, reserved 1048576K
Event: 4.584 GC heap after
Heap after GC invocations=11 (full 2):
 PSYoungGen      total 117760K, used 0K [0x00000000eb380000, 0x00000000f4080000, 0x0000000100000000)
  eden space 109056K, 0% used [0x00000000eb380000,0x00000000eb380000,0x00000000f1e00000)
  from space 8704K, 0% used [0x00000000f2f80000,0x00000000f2f80000,0x00000000f3800000)
  to   space 6656K, 0% used [0x00000000f3a00000,0x00000000f3a00000,0x00000000f4080000)
 ParOldGen       total 33280K, used 18463K [0x00000000c1a00000, 0x00000000c3a80000, 0x00000000eb380000)
  object space 33280K, 55% used [0x00000000c1a00000,0x00000000c2c07df0,0x00000000c3a80000)
 Metaspace       used 33156K, capacity 35254K, committed 35416K, reserved 1079296K
  class space    used 4496K, capacity 4891K, committed 4952K, reserved 1048576K
}

